0 info it worked if it ends with ok
1 verbose cli [ '/usr/local/bin/node',
1 verbose cli   '/usr/local/bin/npm',
1 verbose cli   'install',
1 verbose cli   '-g',
1 verbose cli   'eslint' ]
2 info using npm@2.14.20
3 info using node@v4.4.0
4 verbose install initial load of /usr/local/lib/package.json
5 verbose readDependencies loading dependencies from /usr/local/lib/package.json
6 silly cache add args [ 'eslint', null ]
7 verbose cache add spec eslint
8 silly cache add parsed spec Result {
8 silly cache add   raw: 'eslint',
8 silly cache add   scope: null,
8 silly cache add   name: 'eslint',
8 silly cache add   rawSpec: '',
8 silly cache add   spec: 'latest',
8 silly cache add   type: 'tag' }
9 silly addNamed eslint@latest
10 verbose addNamed "latest" is being treated as a dist-tag for eslint
11 info addNameTag [ 'eslint', 'latest' ]
12 silly mapToRegistry name eslint
13 silly mapToRegistry using default registry
14 silly mapToRegistry registry https://registry.npmjs.org/
15 silly mapToRegistry uri https://registry.npmjs.org/eslint
16 verbose addNameTag registry:https://registry.npmjs.org/eslint not in flight; fetching
17 verbose request uri https://registry.npmjs.org/eslint
18 verbose request no auth needed
19 info attempt registry request try #1 at 2:08:33 PM
20 verbose request id 8cdbc81b869ebc4f
21 verbose etag "E77XD9T9OJJZF97Y8NL38AVA"
22 http request GET https://registry.npmjs.org/eslint
23 http 304 https://registry.npmjs.org/eslint
24 verbose headers { date: 'Sun, 11 Sep 2016 04:08:34 GMT',
24 verbose headers   via: '1.1 varnish',
24 verbose headers   'cache-control': 'max-age=300',
24 verbose headers   etag: '"E77XD9T9OJJZF97Y8NL38AVA"',
24 verbose headers   age: '75',
24 verbose headers   connection: 'keep-alive',
24 verbose headers   'x-served-by': 'cache-mel6522-MEL',
24 verbose headers   'x-cache': 'HIT',
24 verbose headers   'x-cache-hits': '4',
24 verbose headers   'x-timer': 'S1473566914.326097,VS0,VE0',
24 verbose headers   vary: 'Accept-Encoding' }
25 silly get cb [ 304,
25 silly get   { date: 'Sun, 11 Sep 2016 04:08:34 GMT',
25 silly get     via: '1.1 varnish',
25 silly get     'cache-control': 'max-age=300',
25 silly get     etag: '"E77XD9T9OJJZF97Y8NL38AVA"',
25 silly get     age: '75',
25 silly get     connection: 'keep-alive',
25 silly get     'x-served-by': 'cache-mel6522-MEL',
25 silly get     'x-cache': 'HIT',
25 silly get     'x-cache-hits': '4',
25 silly get     'x-timer': 'S1473566914.326097,VS0,VE0',
25 silly get     vary: 'Accept-Encoding' } ]
26 verbose etag https://registry.npmjs.org/eslint from cache
27 verbose get saving eslint to /Users/ashleypettit/.npm/registry.npmjs.org/eslint/.cache.json
28 verbose correctMkdir /Users/ashleypettit/.npm correctMkdir not in flight; initializing
29 silly addNameTag next cb for eslint with tag latest
30 silly addNamed eslint@3.5.0
31 verbose addNamed "3.5.0" is a plain semver version for eslint
32 silly cache afterAdd eslint@3.5.0
33 verbose afterAdd /Users/ashleypettit/.npm/eslint/3.5.0/package/package.json not in flight; writing
34 verbose correctMkdir /Users/ashleypettit/.npm correctMkdir not in flight; initializing
35 verbose afterAdd /Users/ashleypettit/.npm/eslint/3.5.0/package/package.json written
36 silly install resolved [ { name: 'eslint',
36 silly install resolved     version: '3.5.0',
36 silly install resolved     author:
36 silly install resolved      { name: 'Nicholas C. Zakas',
36 silly install resolved        email: 'nicholas+npm@nczconsulting.com' },
36 silly install resolved     description: 'An AST-based pattern checker for JavaScript.',
36 silly install resolved     bin: { eslint: './bin/eslint.js' },
36 silly install resolved     main: './lib/api.js',
36 silly install resolved     scripts:
36 silly install resolved      { test: 'node Makefile.js test',
36 silly install resolved        lint: 'node Makefile.js lint',
36 silly install resolved        release: 'node Makefile.js release',
36 silly install resolved        'ci-release': 'node Makefile.js ciRelease',
36 silly install resolved        alpharelease: 'node Makefile.js prerelease -- alpha',
36 silly install resolved        betarelease: 'node Makefile.js prerelease -- beta',
36 silly install resolved        docs: 'node Makefile.js docs',
36 silly install resolved        gensite: 'node Makefile.js gensite',
36 silly install resolved        browserify: 'node Makefile.js browserify',
36 silly install resolved        perf: 'node Makefile.js perf',
36 silly install resolved        profile: 'beefy tests/bench/bench.js --open -- -t brfs -t ./tests/bench/xform-rules.js -r espree',
36 silly install resolved        coveralls: 'cat ./coverage/lcov.info | coveralls',
36 silly install resolved        'check-commit': 'node Makefile.js checkGitCommit' },
36 silly install resolved     files: [ 'LICENSE', 'README.md', 'bin', 'conf', 'lib', 'messages' ],
36 silly install resolved     repository: { type: 'git', url: 'git+https://github.com/eslint/eslint.git' },
36 silly install resolved     homepage: 'http://eslint.org',
36 silly install resolved     bugs: { url: 'https://github.com/eslint/eslint/issues/' },
36 silly install resolved     dependencies:
36 silly install resolved      { chalk: '^1.1.3',
36 silly install resolved        'concat-stream': '^1.4.6',
36 silly install resolved        debug: '^2.1.1',
36 silly install resolved        doctrine: '^1.2.2',
36 silly install resolved        escope: '^3.6.0',
36 silly install resolved        espree: '^3.1.6',
36 silly install resolved        estraverse: '^4.2.0',
36 silly install resolved        esutils: '^2.0.2',
36 silly install resolved        'file-entry-cache': '^2.0.0',
36 silly install resolved        glob: '^7.0.3',
36 silly install resolved        globals: '^9.2.0',
36 silly install resolved        ignore: '^3.1.5',
36 silly install resolved        imurmurhash: '^0.1.4',
36 silly install resolved        inquirer: '^0.12.0',
36 silly install resolved        'is-my-json-valid': '^2.10.0',
36 silly install resolved        'is-resolvable': '^1.0.0',
36 silly install resolved        'js-yaml': '^3.5.1',
36 silly install resolved        'json-stable-stringify': '^1.0.0',
36 silly install resolved        levn: '^0.3.0',
36 silly install resolved        lodash: '^4.0.0',
36 silly install resolved        mkdirp: '^0.5.0',
36 silly install resolved        'natural-compare': '^1.4.0',
36 silly install resolved        optionator: '^0.8.1',
36 silly install resolved        'path-is-inside': '^1.0.1',
36 silly install resolved        pluralize: '^1.2.1',
36 silly install resolved        progress: '^1.1.8',
36 silly install resolved        'require-uncached': '^1.0.2',
36 silly install resolved        shelljs: '^0.6.0',
36 silly install resolved        'strip-bom': '^3.0.0',
36 silly install resolved        'strip-json-comments': '~1.0.1',
36 silly install resolved        table: '^3.7.8',
36 silly install resolved        'text-table': '~0.2.0',
36 silly install resolved        'user-home': '^2.0.0' },
36 silly install resolved     devDependencies:
36 silly install resolved      { 'babel-polyfill': '^6.9.1',
36 silly install resolved        'babel-preset-es2015': '^6.9.0',
36 silly install resolved        babelify: '^7.3.0',
36 silly install resolved        beefy: '^2.0.0',
36 silly install resolved        brfs: '0.0.9',
36 silly install resolved        browserify: '^12.0.1',
36 silly install resolved        chai: '^3.5.0',
36 silly install resolved        cheerio: '^0.19.0',
36 silly install resolved        coveralls: '2.11.4',
36 silly install resolved        dateformat: '^1.0.8',
36 silly install resolved        ejs: '^2.3.3',
36 silly install resolved        'eslint-plugin-node': '^2.0.0',
36 silly install resolved        'eslint-release': '^0.10.0',
36 silly install resolved        esprima: '^2.4.1',
36 silly install resolved        'esprima-fb': '^15001.1001.0-dev-harmony-fb',
36 silly install resolved        'gh-got': '^2.2.0',
36 silly install resolved        istanbul: '^0.4.0',
36 silly install resolved        jsdoc: '^3.3.0-beta1',
36 silly install resolved        karma: '^0.13.22',
36 silly install resolved        'karma-babel-preprocessor': '^6.0.1',
36 silly install resolved        'karma-mocha': '^1.0.1',
36 silly install resolved        'karma-mocha-reporter': '^2.0.3',
36 silly install resolved        'karma-phantomjs-launcher': '^1.0.0',
36 silly install resolved        leche: '^2.1.1',
36 silly install resolved        linefix: '^0.1.1',
36 silly install resolved        'load-perf': '^0.2.0',
36 silly install resolved        markdownlint: '^0.2.0',
36 silly install resolved        mocha: '^2.4.5',
36 silly install resolved        'mock-fs': '^3.10.0',
36 silly install resolved        'npm-license': '^0.3.2',
36 silly install resolved        'phantomjs-prebuilt': '^2.1.7',
36 silly install resolved        proxyquire: '^1.7.10',
36 silly install resolved        semver: '^5.0.3',
36 silly install resolved        'shelljs-nodecli': '~0.1.0',
36 silly install resolved        sinon: '^1.17.2',
36 silly install resolved        temp: '^0.8.3',
36 silly install resolved        through: '^2.3.6' },
36 silly install resolved     keywords: [ 'ast', 'lint', 'javascript', 'ecmascript', 'espree' ],
36 silly install resolved     license: 'MIT',
36 silly install resolved     engines: { node: '>=4' },
36 silly install resolved     gitHead: '18be52eab695f0d78d19b349fefb09db19751d51',
36 silly install resolved     _id: 'eslint@3.5.0',
36 silly install resolved     _shasum: '22fc9f780ea5bca1306fab2b6d3336b0fa62c754',
36 silly install resolved     _from: 'eslint@latest',
36 silly install resolved     _npmVersion: '2.15.8',
36 silly install resolved     _nodeVersion: '4.4.7',
36 silly install resolved     _npmUser: { name: 'eslint', email: 'nicholas+eslint@nczconsulting.com' },
36 silly install resolved     dist:
36 silly install resolved      { shasum: '22fc9f780ea5bca1306fab2b6d3336b0fa62c754',
36 silly install resolved        tarball: 'https://registry.npmjs.org/eslint/-/eslint-3.5.0.tgz' },
36 silly install resolved     maintainers: [ [Object], [Object], [Object] ],
36 silly install resolved     _npmOperationalInternal:
36 silly install resolved      { host: 'packages-16-east.internal.npmjs.com',
36 silly install resolved        tmp: 'tmp/eslint-3.5.0.tgz_1473451101299_0.8081250376999378' },
36 silly install resolved     directories: {},
36 silly install resolved     _resolved: 'https://registry.npmjs.org/eslint/-/eslint-3.5.0.tgz',
36 silly install resolved     readme: 'ERROR: No README data found!' } ]
37 info install eslint@3.5.0 into /usr/local/lib
38 info installOne eslint@3.5.0
39 verbose installOne of eslint to /usr/local/lib not in flight; installing
40 verbose correctMkdir /Users/ashleypettit/.npm/_locks correctMkdir not in flight; initializing
41 verbose lock using /Users/ashleypettit/.npm/_locks/eslint-73063478b74e4f91.lock for /usr/local/lib/node_modules/eslint
42 silly install write writing eslint 3.5.0 to /usr/local/lib/node_modules/eslint
43 verbose unbuild lib/node_modules/eslint
44 info preuninstall eslint@3.4.0
45 info uninstall eslint@3.4.0
46 verbose unbuild rmStuff eslint@3.4.0 from /usr/local/lib/node_modules
47 silly gentlyRm /usr/local/bin/eslint is being gently removed
48 silly gentlyRm verifying /usr/local is an npm working directory
49 silly gentlyRm containing path /usr/local is under npm's control, in /usr/local
50 silly gentlyRm deletion target /usr/local/bin/eslint is under /usr/local
51 verbose gentlyRm vacuuming from /usr/local/bin/eslint up to /usr/local
52 silly vacuum-fs removing /usr/local/bin/eslint
53 silly vacuum-fs quitting because other entries in /usr/local/bin
54 info postuninstall eslint@3.4.0
55 silly gentlyRm /usr/local/lib/node_modules/eslint is being purged from base /usr/local
56 verbose gentlyRm don't care about contents; nuking /usr/local/lib/node_modules/eslint
57 silly vacuum-fs purging /usr/local/lib/node_modules/eslint
58 verbose unlock done using /Users/ashleypettit/.npm/_locks/eslint-73063478b74e4f91.lock for /usr/local/lib/node_modules/eslint
59 verbose stack Error: EACCES: permission denied, rmdir '/usr/local/lib/node_modules/eslint'
59 verbose stack     at Error (native)
60 verbose cwd /Users/ashleypettit/Desktop/kanban_app
61 error Darwin 15.6.0
62 error argv "/usr/local/bin/node" "/usr/local/bin/npm" "install" "-g" "eslint"
63 error node v4.4.0
64 error npm  v2.14.20
65 error path /usr/local/lib/node_modules/eslint
66 error code EACCES
67 error errno -13
68 error syscall rmdir
69 error Error: EACCES: permission denied, rmdir '/usr/local/lib/node_modules/eslint'
69 error     at Error (native)
69 error  { [Error: EACCES: permission denied, rmdir '/usr/local/lib/node_modules/eslint']
69 error   errno: -13,
69 error   code: 'EACCES',
69 error   syscall: 'rmdir',
69 error   path: '/usr/local/lib/node_modules/eslint' }
70 error Please try running this command again as root/Administrator.
71 verbose exit [ -13, true ]
72 verbose unbuild lib/node_modules/eslint
73 info preuninstall eslint@3.4.0
74 info uninstall eslint@3.4.0
75 verbose unbuild rmStuff eslint@3.4.0 from /usr/local/lib/node_modules
76 silly gentlyRm /usr/local/bin/eslint is being gently removed
77 silly gentlyRm verifying /usr/local is an npm working directory
78 silly gentlyRm containing path /usr/local is under npm's control, in /usr/local
79 silly gentlyRm deletion target /usr/local/bin/eslint is under /usr/local
80 verbose gentlyRm vacuuming from /usr/local/bin/eslint up to /usr/local
81 info postuninstall eslint@3.4.0
82 silly gentlyRm /usr/local/lib/node_modules/eslint is being purged from base /usr/local
83 verbose gentlyRm don't care about contents; nuking /usr/local/lib/node_modules/eslint
84 silly vacuum-fs purging /usr/local/lib/node_modules/eslint
85 error error rolling back Error: EACCES: permission denied, rmdir '/usr/local/lib/node_modules/eslint'
85 error error rolling back     at Error (native)
85 error error rolling back  { [Error: EACCES: permission denied, rmdir '/usr/local/lib/node_modules/eslint']
85 error error rolling back   errno: -13,
85 error error rolling back   code: 'EACCES',
85 error error rolling back   syscall: 'rmdir',
85 error error rolling back   path: '/usr/local/lib/node_modules/eslint' }
